<?xml version="1.0" encoding="UTF-8"?>
<!-- Generated by org.testng.reporters.JUnitXMLReporter -->
<testsuite ignored="0" hostname="DESKTOP-K4LI6L0" failures="0" tests="4" name="Test1" time="1.201" errors="0" timestamp="2020-11-29T21:57:05 IST">
  <testcase classname="testcasepackage.TestCases" name="@BeforeMethod bmethod" time="0.181">
    <failure type="java.lang.IllegalStateException" message="The driver executable does not exist: C:\Users\veer\eclipse-workspace\DataDriven\Driver\geckodriver.exe">
      <![CDATA[java.lang.IllegalStateException: The driver executable does not exist: C:\Users\veer\eclipse-workspace\DataDriven\Driver\geckodriver.exe
at com.google.common.base.Preconditions.checkState(Preconditions.java:585)
at org.openqa.selenium.remote.service.DriverService.checkExecutable(DriverService.java:146)
at org.openqa.selenium.remote.service.DriverService.findExecutable(DriverService.java:141)
at org.openqa.selenium.firefox.GeckoDriverService.access$100(GeckoDriverService.java:44)
at org.openqa.selenium.firefox.GeckoDriverService$Builder.findDefaultExecutable(GeckoDriverService.java:167)
at org.openqa.selenium.remote.service.DriverService$Builder.build(DriverService.java:355)
at org.openqa.selenium.firefox.FirefoxDriver.toExecutor(FirefoxDriver.java:190)
at org.openqa.selenium.firefox.FirefoxDriver.<init>(FirefoxDriver.java:147)
at org.openqa.selenium.firefox.FirefoxDriver.<init>(FirefoxDriver.java:125)
at Basepacakge.BaseClass.browserstart(BaseClass.java:37)
at testcasepackage.TestCases.bmethod(TestCases.java:25)
at java.base/java.util.ArrayList.forEach(ArrayList.java:1510)
at java.base/java.util.concurrent.FutureTask.run(FutureTask.java:264)
at java.base/java.util.concurrent.ThreadPoolExecutor.runWorker(ThreadPoolExecutor.java:1130)
at java.base/java.util.concurrent.ThreadPoolExecutor$Worker.run(ThreadPoolExecutor.java:630)
at java.base/java.lang.Thread.run(Thread.java:832)
... Removed 22 stack frames]]>
    </failure>
  </testcase> <!-- @BeforeMethod bmethod -->
  <testcase classname="testcasepackage.TestCases" name="@AfterMethod amethod" time="-1.606667225273E9">
    <skipped/>
  </testcase> <!-- @AfterMethod amethod -->
  <testcase classname="testcasepackage.TestCases" name="@BeforeMethod bmethod" time="-1.606667225276E9">
    <skipped/>
  </testcase> <!-- @BeforeMethod bmethod -->
  <testcase classname="testcasepackage.TestCases" name="@AfterMethod amethod" time="-1.60666722531E9">
    <skipped/>
  </testcase> <!-- @AfterMethod amethod -->
  <testcase classname="testcasepackage.TestCases" name="@BeforeMethod bmethod" time="-1.606667225312E9">
    <skipped/>
  </testcase> <!-- @BeforeMethod bmethod -->
  <testcase classname="testcasepackage.TestCases" name="@AfterMethod amethod" time="-1.606667225327E9">
    <skipped/>
  </testcase> <!-- @AfterMethod amethod -->
  <testcase classname="testcasepackage.TestCases" name="@BeforeMethod bmethod" time="-1.606667225331E9">
    <skipped/>
  </testcase> <!-- @BeforeMethod bmethod -->
  <testcase classname="testcasepackage.TestCases" name="@AfterMethod amethod" time="-1.606667225346E9">
    <skipped/>
  </testcase> <!-- @AfterMethod amethod -->
  <testcase classname="testcasepackage.TestCases" name="test1" time="0.0">
    <skipped/>
  </testcase> <!-- test1 -->
  <testcase classname="testcasepackage.TestCases" name="test1" time="0.0">
    <skipped/>
  </testcase> <!-- test1 -->
  <testcase classname="testcasepackage.TestCases" name="test1" time="0.0">
    <skipped/>
  </testcase> <!-- test1 -->
  <testcase classname="testcasepackage.TestCases" name="test1" time="0.0">
    <skipped/>
  </testcase> <!-- test1 -->
</testsuite> <!-- Test1 -->
